This file contains any messages produced by compilers while
running configure, to aid debugging if configure makes a mistake.

It was created by Modelscarp Inversion configure 1.0.0, which was
generated by GNU Autoconf 2.69.  Invocation command line was

  $ ./configure F77=mpif90 FC=mpif90

## --------- ##
## Platform. ##
## --------- ##

hostname = MacBook-Pro-de-tesson.local
uname -m = x86_64
uname -r = 18.2.0
uname -s = Darwin
uname -v = Darwin Kernel Version 18.2.0: Thu Dec 20 20:46:53 PST 2018; root:xnu-4903.241.1~1/RELEASE_X86_64

/usr/bin/uname -p = i386
/bin/uname -X     = unknown

/bin/arch              = unknown
/usr/bin/arch -k       = unknown
/usr/convex/getsysinfo = unknown
/usr/bin/hostinfo      = Mach kernel version:
	 Darwin Kernel Version 18.2.0: Thu Dec 20 20:46:53 PST 2018; root:xnu-4903.241.1~1/RELEASE_X86_64
Kernel configured for up to 4 processors.
2 processors are physically available.
4 processors are logically available.
Processor type: x86_64h (Intel x86-64h Haswell)
Processors active: 0 1 2 3
Primary memory available: 16.00 gigabytes
Default processor set: 467 tasks, 2023 threads, 4 processors
Load average: 1.17, Mach factor: 2.82
/bin/machine           = unknown
/usr/bin/oslevel       = unknown
/bin/universe          = unknown

PATH: /anaconda3/bin
PATH: /Users/Jim/.local/bin
PATH: /Applications/GMT-5.4.3.app/Contents/Resources/bin
PATH: /opt/local/bin
PATH: /opt/local/sbin
PATH: /opt/local/libexec/openmpi-mp
PATH: /usr/bin
PATH: /bin
PATH: /usr/sbin
PATH: /sbin
PATH: /usr/local/bin
PATH: /Library/TeX/texbin
PATH: /opt/X11/bin
PATH: /Library/Frameworks/Mono.framework/Versions/Current/Commands
PATH: /opt/ImageMagick/bin


## ----------- ##
## Core tests. ##
## ----------- ##

configure:1877: checking for a BSD-compatible install
configure:1945: result: /opt/local/bin/ginstall -c
configure:1956: checking whether build environment is sane
configure:2011: result: yes
configure:2162: checking for a thread-safe mkdir -p
configure:2201: result: /opt/local/bin/gmkdir -p
configure:2208: checking for gawk
configure:2224: found /opt/local/bin/gawk
configure:2235: result: gawk
configure:2246: checking whether make sets $(MAKE)
configure:2268: result: yes
configure:2297: checking whether make supports nested variables
configure:2314: result: yes
configure:2540: checking for Fortran 77 compiler version
configure:2549: mpif90 --version >&5
GNU Fortran (MacPorts gcc7 7.4.0_0) 7.4.0
Copyright (C) 2017 Free Software Foundation, Inc.
This is free software; see the source for copying conditions.  There is NO
warranty; not even for MERCHANTABILITY or FITNESS FOR A PARTICULAR PURPOSE.

configure:2560: $? = 0
configure:2549: mpif90 -v >&5
Using built-in specs.
COLLECT_GCC=/opt/local/bin/gfortran-mp-7
COLLECT_LTO_WRAPPER=/opt/local/libexec/gcc/x86_64-apple-darwin18/7.4.0/lto-wrapper
Target: x86_64-apple-darwin18
Configured with: /opt/local/var/macports/build/_opt_bblocal_var_buildworker_ports_build_ports_lang_gcc7/gcc7/work/gcc-7.4.0/configure --prefix=/opt/local --build=x86_64-apple-darwin18 --enable-languages=c,c++,objc,obj-c++,lto,fortran --libdir=/opt/local/lib/gcc7 --includedir=/opt/local/include/gcc7 --infodir=/opt/local/share/info --mandir=/opt/local/share/man --datarootdir=/opt/local/share/gcc-7 --with-local-prefix=/opt/local --with-system-zlib --disable-nls --program-suffix=-mp-7 --with-gxx-include-dir=/opt/local/include/gcc7/c++/ --with-gmp=/opt/local --with-mpfr=/opt/local --with-mpc=/opt/local --with-isl=/opt/local --enable-stage1-checking --disable-multilib --enable-lto --enable-libstdcxx-time --with-build-config=bootstrap-debug --with-as=/opt/local/bin/as --with-ld=/opt/local/bin/ld --with-ar=/opt/local/bin/ar --with-bugurl=https://trac.macports.org/newticket --disable-tls --with-pkgversion='MacPorts gcc7 7.4.0_0' --with-sysroot=/Applications/Xcode.app/Contents/Developer/Platforms/MacOSX.platform/Developer/SDKs/MacOSX10.14.sdk
Thread model: posix
gcc version 7.4.0 (MacPorts gcc7 7.4.0_0) 
configure:2560: $? = 0
configure:2549: mpif90 -V >&5
gfortran-mp-7: error: unrecognized command line option '-V'
gfortran-mp-7: fatal error: no input files
compilation terminated.
configure:2560: $? = 1
configure:2549: mpif90 -qversion >&5
gfortran-mp-7: error: unrecognized command line option '-qversion'; did you mean '--version'?
gfortran-mp-7: fatal error: no input files
compilation terminated.
configure:2560: $? = 1
configure:2575: checking whether the Fortran 77 compiler works
configure:2597: mpif90   conftest.f  >&5
configure:2601: $? = 0
configure:2649: result: yes
configure:2652: checking for Fortran 77 compiler default output file name
configure:2654: result: a.out
configure:2660: checking for suffix of executables
configure:2667: mpif90 -o conftest   conftest.f  >&5
configure:2671: $? = 0
configure:2693: result: 
configure:2709: checking whether we are cross compiling
configure:2717: mpif90 -o conftest   conftest.f  >&5
configure:2721: $? = 0
configure:2728: ./conftest
configure:2732: $? = 0
configure:2747: result: no
configure:2752: checking for suffix of object files
configure:2768: mpif90 -c  conftest.f >&5
configure:2772: $? = 0
configure:2793: result: o
configure:2801: checking whether we are using the GNU Fortran 77 compiler
configure:2814: mpif90 -c  conftest.F >&5
configure:2814: $? = 0
configure:2823: result: yes
configure:2829: checking whether mpif90 accepts -g
configure:2840: mpif90 -c -g conftest.f >&5
configure:2840: $? = 0
configure:2848: result: yes
configure:2983: checking for Fortran compiler version
configure:2992: mpif90 --version >&5
GNU Fortran (MacPorts gcc7 7.4.0_0) 7.4.0
Copyright (C) 2017 Free Software Foundation, Inc.
This is free software; see the source for copying conditions.  There is NO
warranty; not even for MERCHANTABILITY or FITNESS FOR A PARTICULAR PURPOSE.

configure:3003: $? = 0
configure:2992: mpif90 -v >&5
Using built-in specs.
COLLECT_GCC=/opt/local/bin/gfortran-mp-7
COLLECT_LTO_WRAPPER=/opt/local/libexec/gcc/x86_64-apple-darwin18/7.4.0/lto-wrapper
Target: x86_64-apple-darwin18
Configured with: /opt/local/var/macports/build/_opt_bblocal_var_buildworker_ports_build_ports_lang_gcc7/gcc7/work/gcc-7.4.0/configure --prefix=/opt/local --build=x86_64-apple-darwin18 --enable-languages=c,c++,objc,obj-c++,lto,fortran --libdir=/opt/local/lib/gcc7 --includedir=/opt/local/include/gcc7 --infodir=/opt/local/share/info --mandir=/opt/local/share/man --datarootdir=/opt/local/share/gcc-7 --with-local-prefix=/opt/local --with-system-zlib --disable-nls --program-suffix=-mp-7 --with-gxx-include-dir=/opt/local/include/gcc7/c++/ --with-gmp=/opt/local --with-mpfr=/opt/local --with-mpc=/opt/local --with-isl=/opt/local --enable-stage1-checking --disable-multilib --enable-lto --enable-libstdcxx-time --with-build-config=bootstrap-debug --with-as=/opt/local/bin/as --with-ld=/opt/local/bin/ld --with-ar=/opt/local/bin/ar --with-bugurl=https://trac.macports.org/newticket --disable-tls --with-pkgversion='MacPorts gcc7 7.4.0_0' --with-sysroot=/Applications/Xcode.app/Contents/Developer/Platforms/MacOSX.platform/Developer/SDKs/MacOSX10.14.sdk
Thread model: posix
gcc version 7.4.0 (MacPorts gcc7 7.4.0_0) 
configure:3003: $? = 0
configure:2992: mpif90 -V >&5
gfortran-mp-7: error: unrecognized command line option '-V'
gfortran-mp-7: fatal error: no input files
compilation terminated.
configure:3003: $? = 1
configure:2992: mpif90 -qversion >&5
gfortran-mp-7: error: unrecognized command line option '-qversion'; did you mean '--version'?
gfortran-mp-7: fatal error: no input files
compilation terminated.
configure:3003: $? = 1
configure:3012: checking whether we are using the GNU Fortran compiler
configure:3025: mpif90 -c   conftest.F >&5
configure:3025: $? = 0
configure:3034: result: yes
configure:3040: checking whether mpif90 accepts -g
configure:3051: mpif90 -c -g  conftest.f >&5
configure:3051: $? = 0
configure:3059: result: yes
configure:3144: checking for pkg-config
configure:3162: found /opt/local/bin/pkg-config
configure:3174: result: /opt/local/bin/pkg-config
configure:3199: checking pkg-config is at least version 0.9.0
configure:3202: result: yes
configure:3212: checking for rjmcmc
configure:3219: $PKG_CONFIG --exists --print-errors "rjmcmc"
configure:3222: $? = 0
configure:3236: $PKG_CONFIG --exists --print-errors "rjmcmc"
configure:3239: $? = 0
configure:3297: result: yes
configure:3459: checking that generated files are newer than configure
configure:3465: result: done
configure:3480: creating ./config.status

## ---------------------- ##
## Running config.status. ##
## ---------------------- ##

This file was extended by Modelscarp Inversion config.status 1.0.0, which was
generated by GNU Autoconf 2.69.  Invocation command line was

  CONFIG_FILES    = 
  CONFIG_HEADERS  = 
  CONFIG_LINKS    = 
  CONFIG_COMMANDS = 
  $ ./config.status 

on MacBook-Pro-de-tesson.local

config.status:759: creating Makefile

## ---------------- ##
## Cache variables. ##
## ---------------- ##

ac_cv_env_F77_set=set
ac_cv_env_F77_value=mpif90
ac_cv_env_FCFLAGS_set=
ac_cv_env_FCFLAGS_value=
ac_cv_env_FC_set=set
ac_cv_env_FC_value=mpif90
ac_cv_env_FFLAGS_set=
ac_cv_env_FFLAGS_value=
ac_cv_env_LDFLAGS_set=
ac_cv_env_LDFLAGS_value=
ac_cv_env_LIBS_set=
ac_cv_env_LIBS_value=
ac_cv_env_PKG_CONFIG_LIBDIR_set=
ac_cv_env_PKG_CONFIG_LIBDIR_value=
ac_cv_env_PKG_CONFIG_PATH_set=set
ac_cv_env_PKG_CONFIG_PATH_value=:/Users/Jim/Documents/Work/Transdimensional/LSD/Modelscarp_Inversion/RJMCMC/bin/lib/pkgconfig
ac_cv_env_PKG_CONFIG_set=
ac_cv_env_PKG_CONFIG_value=
ac_cv_env_RJMCMC_CFLAGS_set=
ac_cv_env_RJMCMC_CFLAGS_value=
ac_cv_env_RJMCMC_LIBS_set=
ac_cv_env_RJMCMC_LIBS_value=
ac_cv_env_build_alias_set=
ac_cv_env_build_alias_value=
ac_cv_env_host_alias_set=
ac_cv_env_host_alias_value=
ac_cv_env_target_alias_set=
ac_cv_env_target_alias_value=
ac_cv_f77_compiler_gnu=yes
ac_cv_fc_compiler_gnu=yes
ac_cv_objext=o
ac_cv_path_ac_pt_PKG_CONFIG=/opt/local/bin/pkg-config
ac_cv_path_install='/opt/local/bin/ginstall -c'
ac_cv_path_mkdir=/opt/local/bin/gmkdir
ac_cv_prog_AWK=gawk
ac_cv_prog_f77_g=yes
ac_cv_prog_fc_g=yes
ac_cv_prog_make_make_set=yes
am_cv_make_support_nested_variables=yes
pkg_cv_RJMCMC_CFLAGS='-g -O2 -I/opt/local/include/openmpi-mp -I/Users/Jim/Documents/Work/Transdimensional/LSD/Modelscarp_Inversion/RJMCMC/bin/include'
pkg_cv_RJMCMC_LIBS='-L/opt/local/lib/openmpi-mp -L/Users/Jim/Documents/Work/Transdimensional/LSD/Modelscarp_Inversion/RJMCMC/bin/lib -lm -lmpi -lrjmcmc'

## ----------------- ##
## Output variables. ##
## ----------------- ##

ACLOCAL='${SHELL} /Users/Jim/Documents/Work/Transdimensional/LSD/Modelscarp_Inversion/Modelscarp_Inversion/missing aclocal-1.16'
AMTAR='$${TAR-tar}'
AM_BACKSLASH='\'
AM_DEFAULT_V='$(AM_DEFAULT_VERBOSITY)'
AM_DEFAULT_VERBOSITY='1'
AM_V='$(V)'
AUTOCONF='${SHELL} /Users/Jim/Documents/Work/Transdimensional/LSD/Modelscarp_Inversion/Modelscarp_Inversion/missing autoconf'
AUTOHEADER='${SHELL} /Users/Jim/Documents/Work/Transdimensional/LSD/Modelscarp_Inversion/Modelscarp_Inversion/missing autoheader'
AUTOMAKE='${SHELL} /Users/Jim/Documents/Work/Transdimensional/LSD/Modelscarp_Inversion/Modelscarp_Inversion/missing automake-1.16'
AWK='gawk'
CYGPATH_W='echo'
DEFS='-DPACKAGE_NAME=\"Modelscarp\ Inversion\" -DPACKAGE_TARNAME=\"modelscarp-inversion\" -DPACKAGE_VERSION=\"1.0.0\" -DPACKAGE_STRING=\"Modelscarp\ Inversion\ 1.0.0\" -DPACKAGE_BUGREPORT=\"https://github.com/jimtesson/Modelscarp_Inversion\" -DPACKAGE_URL=\"\"'
ECHO_C='\c'
ECHO_N=''
ECHO_T=''
EXEEXT=''
F77='mpif90'
FC='mpif90'
FCFLAGS='-g -O2'
FFLAGS='-g -O2'
INSTALL_DATA='${INSTALL} -m 644'
INSTALL_PROGRAM='${INSTALL}'
INSTALL_SCRIPT='${INSTALL}'
INSTALL_STRIP_PROGRAM='$(install_sh) -c -s'
LDFLAGS=''
LIBOBJS=''
LIBS=''
LTLIBOBJS=''
MAKEINFO='${SHELL} /Users/Jim/Documents/Work/Transdimensional/LSD/Modelscarp_Inversion/Modelscarp_Inversion/missing makeinfo'
MKDIR_P='/opt/local/bin/gmkdir -p'
OBJEXT='o'
PACKAGE='modelscarp-inversion'
PACKAGE_BUGREPORT='https://github.com/jimtesson/Modelscarp_Inversion'
PACKAGE_NAME='Modelscarp Inversion'
PACKAGE_STRING='Modelscarp Inversion 1.0.0'
PACKAGE_TARNAME='modelscarp-inversion'
PACKAGE_URL=''
PACKAGE_VERSION='1.0.0'
PATH_SEPARATOR=':'
PKG_CONFIG='/opt/local/bin/pkg-config'
PKG_CONFIG_LIBDIR=''
PKG_CONFIG_PATH=':/Users/Jim/Documents/Work/Transdimensional/LSD/Modelscarp_Inversion/RJMCMC/bin/lib/pkgconfig'
RJMCMC_CFLAGS='-g -O2 -I/opt/local/include/openmpi-mp -I/Users/Jim/Documents/Work/Transdimensional/LSD/Modelscarp_Inversion/RJMCMC/bin/include'
RJMCMC_LDFLAGS=''
RJMCMC_LIBS='-L/opt/local/lib/openmpi-mp -L/Users/Jim/Documents/Work/Transdimensional/LSD/Modelscarp_Inversion/RJMCMC/bin/lib -lm -lmpi -lrjmcmc'
SET_MAKE=''
SHELL='/bin/sh'
STRIP=''
VERSION='1.0.0'
ac_ct_F77=''
ac_ct_FC=''
am__EXEEXT_FALSE=''
am__EXEEXT_TRUE='#'
am__isrc=''
am__leading_dot='.'
am__tar='$${TAR-tar} chof - "$$tardir"'
am__untar='$${TAR-tar} xf -'
bindir='${exec_prefix}/bin'
build_alias=''
datadir='${datarootdir}'
datarootdir='${prefix}/share'
docdir='${datarootdir}/doc/${PACKAGE_TARNAME}'
dvidir='${docdir}'
exec_prefix='${prefix}'
host_alias=''
htmldir='${docdir}'
includedir='${prefix}/include'
infodir='${datarootdir}/info'
install_sh='${SHELL} /Users/Jim/Documents/Work/Transdimensional/LSD/Modelscarp_Inversion/Modelscarp_Inversion/install-sh'
libdir='${exec_prefix}/lib'
libexecdir='${exec_prefix}/libexec'
localedir='${datarootdir}/locale'
localstatedir='${prefix}/var'
mandir='${datarootdir}/man'
mkdir_p='$(MKDIR_P)'
oldincludedir='/usr/include'
pdfdir='${docdir}'
prefix='/usr/local'
program_transform_name='s,x,x,'
psdir='${docdir}'
sbindir='${exec_prefix}/sbin'
sharedstatedir='${prefix}/com'
sysconfdir='${prefix}/etc'
target_alias=''

## ----------- ##
## confdefs.h. ##
## ----------- ##

/* confdefs.h */
#define PACKAGE_NAME "Modelscarp Inversion"
#define PACKAGE_TARNAME "modelscarp-inversion"
#define PACKAGE_VERSION "1.0.0"
#define PACKAGE_STRING "Modelscarp Inversion 1.0.0"
#define PACKAGE_BUGREPORT "https://github.com/jimtesson/Modelscarp_Inversion"
#define PACKAGE_URL ""

configure: exit 0
