This file contains any messages produced by compilers while
running configure, to aid debugging if configure makes a mistake.

It was created by rjmcmc configure 1.0.11, which was
generated by GNU Autoconf 2.69.  Invocation command line was

  $ ./configure --prefix=/Users/Jim/Documents/Work/Transdimensional/Modelscarp_RJ-McMC/RJMCMC-4/bin F77=mpif90 FC=mpif90 --with-openmpi-include-path=/opt/local/include/openmpi-mp --with-openmpi-lib-path=/opt/local/lib/openmpi-mp

## --------- ##
## Platform. ##
## --------- ##

hostname = macbook-pro-de-tesson.home
uname -m = x86_64
uname -r = 16.7.0
uname -s = Darwin
uname -v = Darwin Kernel Version 16.7.0: Thu Jun 21 20:07:39 PDT 2018; root:xnu-3789.73.14~1/RELEASE_X86_64

/usr/bin/uname -p = i386
/bin/uname -X     = unknown

/bin/arch              = unknown
/usr/bin/arch -k       = unknown
/usr/convex/getsysinfo = unknown
/usr/bin/hostinfo      = Mach kernel version:
	 Darwin Kernel Version 16.7.0: Thu Jun 21 20:07:39 PDT 2018; root:xnu-3789.73.14~1/RELEASE_X86_64
Kernel configured for up to 4 processors.
2 processors are physically available.
4 processors are logically available.
Processor type: x86_64h (Intel x86-64h Haswell)
Processors active: 0 1 2 3
Primary memory available: 16.00 gigabytes
Default processor set: 385 tasks, 1735 threads, 4 processors
Load average: 1.80, Mach factor: 2.18
/bin/machine           = unknown
/usr/bin/oslevel       = unknown
/bin/universe          = unknown

PATH: /Users/Jim/.local/bin
PATH: /Applications/GMT-5.4.3.app/Contents/Resources/bin
PATH: /opt/local/bin
PATH: /opt/local/sbin
PATH: /opt/local/libexec/openmpi-mp
PATH: /usr/bin
PATH: /bin
PATH: /usr/sbin
PATH: /sbin
PATH: /usr/local/bin
PATH: /opt/X11/bin
PATH: /opt/ImageMagick/bin
PATH: /Library/Frameworks/Mono.framework/Versions/Current/Commands
PATH: /Library/TeX/texbin
PATH: /Users/Jim/Documents/Work/EARTHQUAKE_2014/Triggering_Tutorial/sac_msc


## ----------- ##
## Core tests. ##
## ----------- ##

configure:2447: checking for a BSD-compatible install
configure:2515: result: /usr/bin/install -c
configure:2526: checking whether build environment is sane
configure:2581: result: yes
configure:2732: checking for a thread-safe mkdir -p
configure:2771: result: ./install-sh -c -d
configure:2778: checking for gawk
configure:2794: found /opt/local/bin/gawk
configure:2805: result: gawk
configure:2816: checking whether make sets $(MAKE)
configure:2838: result: yes
configure:2867: checking whether make supports nested variables
configure:2884: result: yes
configure:2964: checking whether UID '501' is supported by ustar format
configure:2967: result: yes
configure:2974: checking whether GID '20' is supported by ustar format
configure:2977: result: yes
configure:2985: checking how to create a ustar tar archive
configure:2996: tar --version
bsdtar 2.8.3 - libarchive 2.8.3
configure:2999: $? = 0
configure:3039: tardir=conftest.dir && eval tar --format=ustar -chf - "$tardir" >conftest.tar
configure:3042: $? = 0
configure:3046: tar -xf - <conftest.tar
configure:3049: $? = 0
configure:3051: cat conftest.dir/file
GrepMe
configure:3054: $? = 0
configure:3067: result: gnutar
configure:3171: checking for gcc
configure:3187: found /opt/local/bin/gcc
configure:3198: result: gcc
configure:3427: checking for C compiler version
configure:3436: gcc --version >&5
gcc (MacPorts gcc6 6.4.0_0) 6.4.0
Copyright (C) 2017 Free Software Foundation, Inc.
This is free software; see the source for copying conditions.  There is NO
warranty; not even for MERCHANTABILITY or FITNESS FOR A PARTICULAR PURPOSE.

configure:3447: $? = 0
configure:3436: gcc -v >&5
Using built-in specs.
COLLECT_GCC=gcc
COLLECT_LTO_WRAPPER=/opt/local/libexec/gcc/x86_64-apple-darwin16/6.4.0/lto-wrapper
Target: x86_64-apple-darwin16
Configured with: /opt/local/var/macports/build/_opt_bblocal_var_buildworker_ports_build_ports_lang_gcc6/gcc6/work/gcc-6.4.0/configure --prefix=/opt/local --build=x86_64-apple-darwin16 --enable-languages=c,c++,objc,obj-c++,lto,fortran --libdir=/opt/local/lib/gcc6 --includedir=/opt/local/include/gcc6 --infodir=/opt/local/share/info --mandir=/opt/local/share/man --datarootdir=/opt/local/share/gcc-6 --with-local-prefix=/opt/local --with-system-zlib --disable-nls --program-suffix=-mp-6 --with-gxx-include-dir=/opt/local/include/gcc6/c++/ --with-gmp=/opt/local --with-mpfr=/opt/local --with-mpc=/opt/local --with-isl=/opt/local --enable-stage1-checking --disable-multilib --enable-lto --enable-libstdcxx-time --with-build-config=bootstrap-debug --with-as=/opt/local/bin/as --with-ld=/opt/local/bin/ld --with-ar=/opt/local/bin/ar --with-bugurl=https://trac.macports.org/newticket --disable-tls --with-pkgversion='MacPorts gcc6 6.4.0_0'
Thread model: posix
gcc version 6.4.0 (MacPorts gcc6 6.4.0_0) 
configure:3447: $? = 0
configure:3436: gcc -V >&5
gcc: error: unrecognized command line option '-V'
gcc: fatal error: no input files
compilation terminated.
configure:3447: $? = 1
configure:3436: gcc -qversion >&5
gcc: error: unrecognized command line option '-qversion'; did you mean '--version'?
gcc: fatal error: no input files
compilation terminated.
configure:3447: $? = 1
configure:3467: checking whether the C compiler works
configure:3489: gcc    conftest.c  >&5
configure:3493: $? = 0
configure:3541: result: yes
configure:3544: checking for C compiler default output file name
configure:3546: result: a.out
configure:3552: checking for suffix of executables
configure:3559: gcc -o conftest    conftest.c  >&5
configure:3563: $? = 0
configure:3585: result: 
configure:3607: checking whether we are cross compiling
configure:3615: gcc -o conftest    conftest.c  >&5
configure:3619: $? = 0
configure:3626: ./conftest
configure:3630: $? = 0
configure:3645: result: no
configure:3650: checking for suffix of object files
configure:3672: gcc -c   conftest.c >&5
configure:3676: $? = 0
configure:3697: result: o
configure:3701: checking whether we are using the GNU C compiler
configure:3720: gcc -c   conftest.c >&5
configure:3720: $? = 0
configure:3729: result: yes
configure:3738: checking whether gcc accepts -g
configure:3758: gcc -c -g  conftest.c >&5
configure:3758: $? = 0
configure:3799: result: yes
configure:3816: checking for gcc option to accept ISO C89
configure:3879: gcc  -c -g -O2  conftest.c >&5
configure:3879: $? = 0
configure:3892: result: none needed
configure:3917: checking whether gcc understands -c and -o together
configure:3939: gcc -c conftest.c -o conftest2.o
configure:3942: $? = 0
configure:3939: gcc -c conftest.c -o conftest2.o
configure:3942: $? = 0
configure:3954: result: yes
configure:3982: checking for style of include used by make
configure:4010: result: GNU
configure:4036: checking dependency style of gcc
configure:4147: result: gcc3
configure:4268: checking for Fortran 77 compiler version
configure:4277: mpif90 --version >&5
GNU Fortran (MacPorts gcc7 7.2.0_0) 7.2.0
Copyright (C) 2017 Free Software Foundation, Inc.
This is free software; see the source for copying conditions.  There is NO
warranty; not even for MERCHANTABILITY or FITNESS FOR A PARTICULAR PURPOSE.

configure:4288: $? = 0
configure:4277: mpif90 -v >&5
Using built-in specs.
COLLECT_GCC=/opt/local/bin/gfortran-mp-7
COLLECT_LTO_WRAPPER=/opt/local/libexec/gcc/x86_64-apple-darwin16/7.2.0/lto-wrapper
Target: x86_64-apple-darwin16
Configured with: /opt/local/var/macports/build/_opt_bblocal_var_buildworker_ports_build_ports_lang_gcc7/gcc7/work/gcc-7.2.0/configure --prefix=/opt/local --build=x86_64-apple-darwin16 --enable-languages=c,c++,objc,obj-c++,lto,fortran --libdir=/opt/local/lib/gcc7 --includedir=/opt/local/include/gcc7 --infodir=/opt/local/share/info --mandir=/opt/local/share/man --datarootdir=/opt/local/share/gcc-7 --with-local-prefix=/opt/local --with-system-zlib --disable-nls --program-suffix=-mp-7 --with-gxx-include-dir=/opt/local/include/gcc7/c++/ --with-gmp=/opt/local --with-mpfr=/opt/local --with-mpc=/opt/local --with-isl=/opt/local --enable-stage1-checking --disable-multilib --enable-lto --enable-libstdcxx-time --with-build-config=bootstrap-debug --with-as=/opt/local/bin/as --with-ld=/opt/local/bin/ld --with-ar=/opt/local/bin/ar --with-bugurl=https://trac.macports.org/newticket --disable-tls --with-pkgversion='MacPorts gcc7 7.2.0_0'
Thread model: posix
gcc version 7.2.0 (MacPorts gcc7 7.2.0_0) 
configure:4288: $? = 0
configure:4277: mpif90 -V >&5
gfortran-mp-7: error: unrecognized command line option '-V'
gfortran-mp-7: fatal error: no input files
compilation terminated.
configure:4288: $? = 1
configure:4277: mpif90 -qversion >&5
gfortran-mp-7: error: unrecognized command line option '-qversion'; did you mean '--version'?
gfortran-mp-7: fatal error: no input files
compilation terminated.
configure:4288: $? = 1
configure:4297: checking whether we are using the GNU Fortran 77 compiler
configure:4310: mpif90 -c  conftest.F >&5
configure:4310: $? = 0
configure:4319: result: yes
configure:4325: checking whether mpif90 accepts -g
configure:4336: mpif90 -c -g conftest.f >&5
configure:4336: $? = 0
configure:4344: result: yes
configure:4479: checking for Fortran compiler version
configure:4488: mpif90 --version >&5
GNU Fortran (MacPorts gcc7 7.2.0_0) 7.2.0
Copyright (C) 2017 Free Software Foundation, Inc.
This is free software; see the source for copying conditions.  There is NO
warranty; not even for MERCHANTABILITY or FITNESS FOR A PARTICULAR PURPOSE.

configure:4499: $? = 0
configure:4488: mpif90 -v >&5
Using built-in specs.
COLLECT_GCC=/opt/local/bin/gfortran-mp-7
COLLECT_LTO_WRAPPER=/opt/local/libexec/gcc/x86_64-apple-darwin16/7.2.0/lto-wrapper
Target: x86_64-apple-darwin16
Configured with: /opt/local/var/macports/build/_opt_bblocal_var_buildworker_ports_build_ports_lang_gcc7/gcc7/work/gcc-7.2.0/configure --prefix=/opt/local --build=x86_64-apple-darwin16 --enable-languages=c,c++,objc,obj-c++,lto,fortran --libdir=/opt/local/lib/gcc7 --includedir=/opt/local/include/gcc7 --infodir=/opt/local/share/info --mandir=/opt/local/share/man --datarootdir=/opt/local/share/gcc-7 --with-local-prefix=/opt/local --with-system-zlib --disable-nls --program-suffix=-mp-7 --with-gxx-include-dir=/opt/local/include/gcc7/c++/ --with-gmp=/opt/local --with-mpfr=/opt/local --with-mpc=/opt/local --with-isl=/opt/local --enable-stage1-checking --disable-multilib --enable-lto --enable-libstdcxx-time --with-build-config=bootstrap-debug --with-as=/opt/local/bin/as --with-ld=/opt/local/bin/ld --with-ar=/opt/local/bin/ar --with-bugurl=https://trac.macports.org/newticket --disable-tls --with-pkgversion='MacPorts gcc7 7.2.0_0'
Thread model: posix
gcc version 7.2.0 (MacPorts gcc7 7.2.0_0) 
configure:4499: $? = 0
configure:4488: mpif90 -V >&5
gfortran-mp-7: error: unrecognized command line option '-V'
gfortran-mp-7: fatal error: no input files
compilation terminated.
configure:4499: $? = 1
configure:4488: mpif90 -qversion >&5
gfortran-mp-7: error: unrecognized command line option '-qversion'; did you mean '--version'?
gfortran-mp-7: fatal error: no input files
compilation terminated.
configure:4499: $? = 1
configure:4508: checking whether we are using the GNU Fortran compiler
configure:4521: mpif90 -c   conftest.F >&5
configure:4521: $? = 0
configure:4530: result: yes
configure:4536: checking whether mpif90 accepts -g
configure:4547: mpif90 -c -g  conftest.f >&5
configure:4547: $? = 0
configure:4555: result: yes
configure:4613: checking build system type
configure:4627: result: x86_64-apple-darwin16.7.0
configure:4647: checking host system type
configure:4660: result: x86_64-apple-darwin16.7.0
configure:4701: checking how to print strings
configure:4728: result: printf
configure:4749: checking for a sed that does not truncate output
configure:4813: result: /opt/local/bin/gsed
configure:4831: checking for grep that handles long lines and -e
configure:4889: result: /usr/bin/grep
configure:4894: checking for egrep
configure:4956: result: /usr/bin/grep -E
configure:4961: checking for fgrep
configure:5023: result: /usr/bin/grep -F
configure:5058: checking for ld used by gcc
configure:5125: result: /opt/local/bin/ld
configure:5132: checking if the linker (/opt/local/bin/ld) is GNU ld
configure:5147: result: no
configure:5159: checking for BSD- or MS-compatible name lister (nm)
configure:5208: result: /opt/local/bin/nm -B
configure:5338: checking the name lister (/opt/local/bin/nm -B) interface
configure:5345: gcc -c -g -O2  conftest.c >&5
configure:5348: /opt/local/bin/nm -B "conftest.o"
configure:5351: output
00000000000001b8 S _some_variable
configure:5358: result: BSD nm
configure:5361: checking whether ln -s works
configure:5365: result: yes
configure:5373: checking the maximum length of command line arguments
configure:5503: result: 196608
configure:5520: checking whether the shell understands some XSI constructs
configure:5530: result: yes
configure:5534: checking whether the shell understands "+="
configure:5540: result: yes
configure:5575: checking how to convert x86_64-apple-darwin16.7.0 file names to x86_64-apple-darwin16.7.0 format
configure:5615: result: func_convert_file_noop
configure:5622: checking how to convert x86_64-apple-darwin16.7.0 file names to toolchain format
configure:5642: result: func_convert_file_noop
configure:5649: checking for /opt/local/bin/ld option to reload object files
configure:5656: result: -r
configure:5730: checking for objdump
configure:5746: found /usr/bin/objdump
configure:5757: result: objdump
configure:5789: checking how to recognize dependent libraries
configure:5991: result: pass_all
configure:6076: checking for dlltool
configure:6106: result: no
configure:6136: checking how to associate runtime and link libraries
configure:6163: result: printf %s\n
configure:6224: checking for ar
configure:6240: found /opt/local/bin/ar
configure:6251: result: ar
configure:6288: checking for archiver @FILE support
configure:6305: gcc -c -g -O2  conftest.c >&5
configure:6305: $? = 0
configure:6308: ar cru libconftest.a @conftest.lst >&5
ar: @conftest.lst: No such file or directory
configure:6311: $? = 1
configure:6331: result: no
configure:6389: checking for strip
configure:6405: found /opt/local/bin/strip
configure:6416: result: strip
configure:6488: checking for ranlib
configure:6504: found /opt/local/bin/ranlib
configure:6515: result: ranlib
configure:6617: checking command to parse /opt/local/bin/nm -B output from gcc object
configure:6737: gcc -c -g -O2  conftest.c >&5
configure:6740: $? = 0
configure:6744: /opt/local/bin/nm -B conftest.o \| sed -n -e 's/^.*[ ]\([BCDEGRST][BCDEGRST]*\)[ ][ ]*\([_A-Za-z][_A-Za-z0-9]*\)$/\1 \2 \2/p' | sed '/ __gnu_lto/d' \> conftest.nm
configure:6747: $? = 0
cannot find nm_test_var in conftest.nm
configure:6737: gcc -c -g -O2  conftest.c >&5
configure:6740: $? = 0
configure:6744: /opt/local/bin/nm -B conftest.o \| sed -n -e 's/^.*[ ]\([BCDEGRST][BCDEGRST]*\)[ ][ ]*_\([_A-Za-z][_A-Za-z0-9]*\)$/\1 _\2 \2/p' | sed '/ __gnu_lto/d' \> conftest.nm
configure:6747: $? = 0
configure:6813: gcc -o conftest -g -O2   conftest.c conftstm.o >&5
warning: (x86_64)  could not find object file symbol for symbol _main
configure:6816: $? = 0
configure:6854: result: ok
configure:6891: checking for sysroot
configure:6921: result: no
configure:7177: checking for mt
configure:7207: result: no
configure:7227: checking if : is a manifest tool
configure:7233: : '-?'
configure:7241: result: no
configure:7297: checking for dsymutil
configure:7313: found /usr/bin/dsymutil
configure:7324: result: dsymutil
configure:7389: checking for nmedit
configure:7405: found /opt/local/bin/nmedit
configure:7416: result: nmedit
configure:7481: checking for lipo
configure:7497: found /opt/local/bin/lipo
configure:7508: result: lipo
configure:7573: checking for otool
configure:7589: found /opt/local/bin/otool
configure:7600: result: otool
configure:7665: checking for otool64
configure:7695: result: no
configure:7740: checking for -single_module linker flag
gcc -g -O2  -o libconftest.dylib -dynamiclib -Wl,-single_module conftest.c
configure:7773: result: yes
configure:7776: checking for -exported_symbols_list linker flag
configure:7796: gcc -o conftest -g -O2   -Wl,-exported_symbols_list,conftest.sym conftest.c  >&5
configure:7796: $? = 0
configure:7806: result: yes
configure:7809: checking for -force_load linker flag
gcc -g -O2 -c -o conftest.o conftest.c
ar cru libconftest.a conftest.o
ranlib libconftest.a
gcc -g -O2  -o conftest conftest.c -Wl,-force_load,./libconftest.a
configure:7841: result: yes
configure:7883: checking how to run the C preprocessor
configure:7914: gcc -E  conftest.c
configure:7914: $? = 0
configure:7928: gcc -E  conftest.c
conftest.c:9:28: fatal error: ac_nonexistent.h: No such file or directory
 #include <ac_nonexistent.h>
                            ^
compilation terminated.
configure:7928: $? = 1
configure: failed program was:
| /* confdefs.h */
| #define PACKAGE_NAME "rjmcmc"
| #define PACKAGE_TARNAME "RJMCMC"
| #define PACKAGE_VERSION "1.0.11"
| #define PACKAGE_STRING "rjmcmc 1.0.11"
| #define PACKAGE_BUGREPORT "http://www.iearth.org.au/codes/RJMCMC"
| #define PACKAGE_URL ""
| /* end confdefs.h.  */
| #include <ac_nonexistent.h>
configure:7953: result: gcc -E
configure:7973: gcc -E  conftest.c
configure:7973: $? = 0
configure:7987: gcc -E  conftest.c
conftest.c:9:28: fatal error: ac_nonexistent.h: No such file or directory
 #include <ac_nonexistent.h>
                            ^
compilation terminated.
configure:7987: $? = 1
configure: failed program was:
| /* confdefs.h */
| #define PACKAGE_NAME "rjmcmc"
| #define PACKAGE_TARNAME "RJMCMC"
| #define PACKAGE_VERSION "1.0.11"
| #define PACKAGE_STRING "rjmcmc 1.0.11"
| #define PACKAGE_BUGREPORT "http://www.iearth.org.au/codes/RJMCMC"
| #define PACKAGE_URL ""
| /* end confdefs.h.  */
| #include <ac_nonexistent.h>
configure:8016: checking for ANSI C header files
configure:8036: gcc -c -g -O2  conftest.c >&5
configure:8036: $? = 0
configure:8109: gcc -o conftest -g -O2   conftest.c  >&5
configure:8109: $? = 0
configure:8109: ./conftest
configure:8109: $? = 0
configure:8120: result: yes
configure:8133: checking for sys/types.h
configure:8133: gcc -c -g -O2  conftest.c >&5
configure:8133: $? = 0
configure:8133: result: yes
configure:8133: checking for sys/stat.h
configure:8133: gcc -c -g -O2  conftest.c >&5
configure:8133: $? = 0
configure:8133: result: yes
configure:8133: checking for stdlib.h
configure:8133: gcc -c -g -O2  conftest.c >&5
configure:8133: $? = 0
configure:8133: result: yes
configure:8133: checking for string.h
configure:8133: gcc -c -g -O2  conftest.c >&5
configure:8133: $? = 0
configure:8133: result: yes
configure:8133: checking for memory.h
configure:8133: gcc -c -g -O2  conftest.c >&5
configure:8133: $? = 0
configure:8133: result: yes
configure:8133: checking for strings.h
configure:8133: gcc -c -g -O2  conftest.c >&5
configure:8133: $? = 0
configure:8133: result: yes
configure:8133: checking for inttypes.h
configure:8133: gcc -c -g -O2  conftest.c >&5
configure:8133: $? = 0
configure:8133: result: yes
configure:8133: checking for stdint.h
configure:8133: gcc -c -g -O2  conftest.c >&5
configure:8133: $? = 0
configure:8133: result: yes
configure:8133: checking for unistd.h
configure:8133: gcc -c -g -O2  conftest.c >&5
configure:8133: $? = 0
configure:8133: result: yes
configure:8147: checking for dlfcn.h
configure:8147: gcc -c -g -O2  conftest.c >&5
configure:8147: $? = 0
configure:8147: result: yes
configure:8365: checking for objdir
configure:8380: result: .libs
configure:8651: checking if gcc supports -fno-rtti -fno-exceptions
configure:8669: gcc -c -g -O2  -fno-rtti -fno-exceptions conftest.c >&5
cc1: warning: command line option '-fno-rtti' is valid for C++/ObjC++ but not for C
configure:8673: $? = 0
configure:8686: result: no
configure:9013: checking for gcc option to produce PIC
configure:9020: result: -fno-common -DPIC
configure:9028: checking if gcc PIC flag -fno-common -DPIC works
configure:9046: gcc -c -g -O2  -fno-common -DPIC -DPIC conftest.c >&5
configure:9050: $? = 0
configure:9063: result: yes
configure:9092: checking if gcc static flag -static works
configure:9120: result: no
configure:9135: checking if gcc supports -c -o file.o
configure:9156: gcc -c -g -O2  -o out/conftest2.o conftest.c >&5
configure:9160: $? = 0
configure:9182: result: yes
configure:9190: checking if gcc supports -c -o file.o
configure:9237: result: yes
configure:9270: checking whether the gcc linker (/opt/local/bin/ld) supports shared libraries
configure:10423: result: yes
configure:10663: checking dynamic linker characteristics
configure:11396: result: darwin16.7.0 dyld
configure:11503: checking how to hardcode library paths into programs
configure:11528: result: immediate
configure:12068: checking whether stripping libraries is possible
configure:12082: result: yes
configure:12108: checking if libtool supports shared libraries
configure:12110: result: yes
configure:12113: checking whether to build shared libraries
configure:12134: result: yes
configure:12137: checking whether to build static libraries
configure:12141: result: yes
configure:12265: checking if libtool supports shared libraries
configure:12267: result: yes
configure:12270: checking whether to build shared libraries
configure:12290: result: yes
configure:12293: checking whether to build static libraries
configure:12297: result: yes
configure:12618: checking for mpif90 option to produce PIC
configure:12625: result: -fno-common
configure:12633: checking if mpif90 PIC flag -fno-common works
configure:12651: mpif90 -c -g -O2 -fno-common conftest.f >&5
configure:12655: $? = 0
configure:12668: result: yes
configure:12691: checking if mpif90 static flag -static works
configure:12719: result: no
configure:12731: checking if mpif90 supports -c -o file.o
configure:12752: mpif90 -c -g -O2 -o out/conftest2.o conftest.f >&5
configure:12756: $? = 0
configure:12778: result: yes
configure:12783: checking if mpif90 supports -c -o file.o
configure:12830: result: yes
configure:12860: checking whether the mpif90 linker (/opt/local/bin/ld) supports shared libraries
configure:13963: result: yes
configure:14104: checking dynamic linker characteristics
configure:14765: result: darwin16.7.0 dyld
configure:14818: checking how to hardcode library paths into programs
configure:14843: result: immediate
configure:14987: checking if libtool supports shared libraries
configure:14989: result: yes
configure:14992: checking whether to build shared libraries
configure:15012: result: yes
configure:15015: checking whether to build static libraries
configure:15019: result: yes
configure:15053: mpif90 -c -g -O2  conftest.f >&5
configure:15056: $? = 0
configure:15503: checking for mpif90 option to produce PIC
configure:15510: result: -fno-common
configure:15518: checking if mpif90 PIC flag -fno-common works
configure:15536: mpif90 -c -g -O2 -fno-common  conftest.f >&5
configure:15540: $? = 0
configure:15553: result: yes
configure:15576: checking if mpif90 static flag -static works
configure:15604: result: no
configure:15616: checking if mpif90 supports -c -o file.o
configure:15637: mpif90 -c -g -O2 -o out/conftest2.o  conftest.f >&5
configure:15641: $? = 0
configure:15663: result: yes
configure:15668: checking if mpif90 supports -c -o file.o
configure:15715: result: yes
configure:15745: checking whether the mpif90 linker (/opt/local/bin/ld) supports shared libraries
configure:16848: result: yes
configure:16989: checking dynamic linker characteristics
configure:17650: result: darwin16.7.0 dyld
configure:17703: checking how to hardcode library paths into programs
configure:17728: result: immediate
configure:17782: checking for sqrt in -lm
configure:17807: gcc -o conftest -g -O2   conftest.c -lm   >&5
conftest.c:28:6: warning: conflicting types for built-in function 'sqrt'
 char sqrt ();
      ^~~~
configure:17807: $? = 0
configure:17816: result: yes
configure:17831: checking for stdlib.h
configure:17831: result: yes
configure:17843: checking math.h usability
configure:17843: gcc -c -g -O2  conftest.c >&5
configure:17843: $? = 0
configure:17843: result: yes
configure:17843: checking math.h presence
configure:17843: gcc -E  conftest.c
configure:17843: $? = 0
configure:17843: result: yes
configure:17843: checking for math.h
configure:17843: result: yes
configure:17855: checking for string.h
configure:17855: result: yes
configure:17867: checking assert.h usability
configure:17867: gcc -c -g -O2  conftest.c >&5
configure:17867: $? = 0
configure:17867: result: yes
configure:17867: checking assert.h presence
configure:17867: gcc -E  conftest.c
configure:17867: $? = 0
configure:17867: result: yes
configure:17867: checking for assert.h
configure:17867: result: yes
configure:17883: checking for stdlib.h
configure:17883: result: yes
configure:17893: checking for GNU libc compatible malloc
configure:17917: gcc -o conftest -g -O2   conftest.c -lm  >&5
configure:17917: $? = 0
configure:17917: ./conftest
configure:17917: $? = 0
configure:17927: result: yes
configure:17951: checking for sqrt
configure:17951: gcc -o conftest -g -O2   conftest.c -lm  >&5
conftest.c:51:6: warning: conflicting types for built-in function 'sqrt'
 char sqrt ();
      ^~~~
configure:17951: $? = 0
configure:17951: result: yes
configure:17951: checking for log
configure:17951: gcc -o conftest -g -O2   conftest.c -lm  >&5
conftest.c:52:6: warning: conflicting types for built-in function 'log'
 char log ();
      ^~~
configure:17951: $? = 0
configure:17951: result: yes
configure:18014: checking mpi.h usability
configure:18014: gcc -c -g -O2  -I/opt/local/include/openmpi-mp conftest.c >&5
configure:18014: $? = 0
configure:18014: result: yes
configure:18014: checking mpi.h presence
configure:18014: gcc -E  -I/opt/local/include/openmpi-mp conftest.c
configure:18014: $? = 0
configure:18014: result: yes
configure:18014: checking for mpi.h
configure:18014: result: yes
configure:18034: checking for MPI_Init in -lmpi
configure:18059: gcc -o conftest -g -O2  -I/opt/local/include/openmpi-mp  -L/opt/local/lib/openmpi-mp conftest.c -lmpi  -lm  >&5
configure:18059: $? = 0
configure:18068: result: yes
configure:18221: checking that generated files are newer than configure
configure:18227: result: done
configure:18254: creating ./config.status

## ---------------------- ##
## Running config.status. ##
## ---------------------- ##

This file was extended by rjmcmc config.status 1.0.11, which was
generated by GNU Autoconf 2.69.  Invocation command line was

  CONFIG_FILES    = 
  CONFIG_HEADERS  = 
  CONFIG_LINKS    = 
  CONFIG_COMMANDS = 
  $ ./config.status 

on macbook-pro-de-tesson.home

config.status:1249: creating Makefile
config.status:1249: creating rjmcmc.pc
config.status:1249: creating src/Makefile
config.status:1249: creating include/Makefile
config.status:1249: creating examples/1d/partitioned/fm/functionfit/Makefile
config.status:1249: creating examples/1d/partitioned/fm/functionfitf/Makefile
config.status:1249: creating examples/1d/partitioned/fm/gaussian/Makefile
config.status:1249: creating examples/1d/partitioned/fm/natural/Makefile
config.status:1249: creating examples/1d/partitioned/fm/regression/Makefile
config.status:1249: creating examples/1d/partitioned/fm/step/Makefile
config.status:1249: creating examples/1d/partitioned/fm/synthdata/Makefile
config.status:1249: creating examples/1d/partitioned/fm/velocityf/Makefile
config.status:1249: creating examples/1d/partitioned/regression/multiquad/Makefile
config.status:1249: creating examples/1d/partitioned/regression/multistep/Makefile
config.status:1249: creating examples/1d/partitioned/regression/sawtooth/Makefile
config.status:1249: creating examples/1d/partitioned/regression/zeromultistep/Makefile
config.status:1249: creating examples/1d/single/fm/gaussian/Makefile
config.status:1249: creating examples/1d/single/fm/simplef/Makefile
config.status:1249: creating examples/1d/single/fm/simpleimage/Makefile
config.status:1249: creating examples/1d/single/fm/spherefit/Makefile
config.status:1249: creating examples/1d/single/regression/cubic/Makefile
config.status:1249: creating examples/2d/partitioned/fm/mpi_regression/Makefile
config.status:1249: creating examples/2d/partitioned/fm/regression/Makefile
config.status:1249: creating examples/2d/partitioned/fm/gaussian/Makefile
config.status:1249: creating examples/2d/partitioned/regression/ausmoho/Makefile
config.status:1249: creating examples/2d/partitioned/regression/callbackex/Makefile
config.status:1249: creating examples/2d/partitioned/regression/disc/Makefile
config.status:1249: creating examples/2d/partitioned/regression/gaussian/Makefile
config.status:1249: creating examples/2d/partitioned/regression/square/Makefile
config.status:1249: creating tests/Makefile
config.status:1249: creating tests/regression/1d/partitioned/fm/MPI_part1d_forwardmodel_c/Makefile
config.status:1249: creating tests/regression/1d/partitioned/fm/MPI_part1d_forwardmodel_hierarchical_c/Makefile
config.status:1249: creating tests/regression/1d/partitioned/fm/MPI_part1d_forwardmodel_natural_c/Makefile
config.status:1249: creating tests/regression/1d/partitioned/fm/MPI_part1d_forwardmodel_natural_hierarchical_c/Makefile
config.status:1249: creating tests/regression/1d/partitioned/fm/part1d_forwardmodel_c/Makefile
config.status:1249: creating tests/regression/1d/partitioned/fm/part1d_forwardmodel_hierarchical_c/Makefile
config.status:1249: creating tests/regression/1d/partitioned/fm/part1d_forwardmodel_natural_c/Makefile
config.status:1249: creating tests/regression/1d/partitioned/fm/part1d_forwardmodel_natural_hierarchical_c/Makefile
config.status:1249: creating tests/regression/1d/partitioned/fm/part1d_forwardmodel_zero_cubic_c/Makefile
config.status:1249: creating tests/regression/1d/single/fm/MPI_single_forwardmodel_c/Makefile
config.status:1249: creating tests/regression/1d/single/fm/MPI_single_forwardmodel_hierarchical_c/Makefile
config.status:1249: creating tests/regression/1d/single/fm/single_forwardmodel_c/Makefile
config.status:1249: creating tests/regression/1d/single/fm/single_forwardmodel_hierarchical_c/Makefile
config.status:1249: creating tests/regression/2d/partitioned/fm/MPI_part2d_forwardmodel_c/Makefile
config.status:1249: creating tests/regression/2d/partitioned/fm/MPI_part2d_forwardmodel_hierarchical_c/Makefile
config.status:1249: creating tests/regression/2d/partitioned/fm/part2d_forwardmodel_c/Makefile
config.status:1249: creating tests/regression/2d/partitioned/fm/part2d_forwardmodel_hierarchical_c/Makefile
config.status:1249: creating include/rjmcmc/rjmcmc_config.h
config.status:1478: executing depfiles commands
config.status:1478: executing libtool commands

## ---------------- ##
## Cache variables. ##
## ---------------- ##

ac_cv_build=x86_64-apple-darwin16.7.0
ac_cv_c_compiler_gnu=yes
ac_cv_env_CC_set=
ac_cv_env_CC_value=
ac_cv_env_CFLAGS_set=
ac_cv_env_CFLAGS_value=
ac_cv_env_CPPFLAGS_set=
ac_cv_env_CPPFLAGS_value=
ac_cv_env_CPP_set=
ac_cv_env_CPP_value=
ac_cv_env_F77_set=set
ac_cv_env_F77_value=mpif90
ac_cv_env_FCFLAGS_set=
ac_cv_env_FCFLAGS_value=
ac_cv_env_FC_set=set
ac_cv_env_FC_value=mpif90
ac_cv_env_FFLAGS_set=
ac_cv_env_FFLAGS_value=
ac_cv_env_LDFLAGS_set=
ac_cv_env_LDFLAGS_value=
ac_cv_env_LIBS_set=
ac_cv_env_LIBS_value=
ac_cv_env_build_alias_set=
ac_cv_env_build_alias_value=
ac_cv_env_host_alias_set=
ac_cv_env_host_alias_value=
ac_cv_env_target_alias_set=
ac_cv_env_target_alias_value=
ac_cv_f77_compiler_gnu=yes
ac_cv_fc_compiler_gnu=yes
ac_cv_func_log=yes
ac_cv_func_malloc_0_nonnull=yes
ac_cv_func_sqrt=yes
ac_cv_header_assert_h=yes
ac_cv_header_dlfcn_h=yes
ac_cv_header_inttypes_h=yes
ac_cv_header_math_h=yes
ac_cv_header_memory_h=yes
ac_cv_header_mpi_h=yes
ac_cv_header_stdc=yes
ac_cv_header_stdint_h=yes
ac_cv_header_stdlib_h=yes
ac_cv_header_string_h=yes
ac_cv_header_strings_h=yes
ac_cv_header_sys_stat_h=yes
ac_cv_header_sys_types_h=yes
ac_cv_header_unistd_h=yes
ac_cv_host=x86_64-apple-darwin16.7.0
ac_cv_lib_m_sqrt=yes
ac_cv_lib_mpi_MPI_Init=yes
ac_cv_objext=o
ac_cv_path_EGREP='/usr/bin/grep -E'
ac_cv_path_FGREP='/usr/bin/grep -F'
ac_cv_path_GREP=/usr/bin/grep
ac_cv_path_SED=/opt/local/bin/gsed
ac_cv_path_install='/usr/bin/install -c'
ac_cv_prog_AWK=gawk
ac_cv_prog_CPP='gcc -E'
ac_cv_prog_ac_ct_AR=ar
ac_cv_prog_ac_ct_CC=gcc
ac_cv_prog_ac_ct_DSYMUTIL=dsymutil
ac_cv_prog_ac_ct_LIPO=lipo
ac_cv_prog_ac_ct_NMEDIT=nmedit
ac_cv_prog_ac_ct_OBJDUMP=objdump
ac_cv_prog_ac_ct_OTOOL=otool
ac_cv_prog_ac_ct_RANLIB=ranlib
ac_cv_prog_ac_ct_STRIP=strip
ac_cv_prog_cc_c89=
ac_cv_prog_cc_g=yes
ac_cv_prog_f77_g=yes
ac_cv_prog_fc_g=yes
ac_cv_prog_make_make_set=yes
am_cv_CC_dependencies_compiler_type=gcc3
am_cv_make_support_nested_variables=yes
am_cv_prog_cc_c_o=yes
am_cv_prog_tar_ustar=gnutar
lt_cv_apple_cc_single_mod=yes
lt_cv_ar_at_file=no
lt_cv_deplibs_check_method=pass_all
lt_cv_file_magic_cmd='$MAGIC_CMD'
lt_cv_file_magic_test_file=
lt_cv_ld_exported_symbols_list=yes
lt_cv_ld_force_load=yes
lt_cv_ld_reload_flag=-r
lt_cv_nm_interface='BSD nm'
lt_cv_objdir=.libs
lt_cv_path_LD=/opt/local/bin/ld
lt_cv_path_NM='/opt/local/bin/nm -B'
lt_cv_path_mainfest_tool=no
lt_cv_prog_compiler_c_o=yes
lt_cv_prog_compiler_c_o_F77=yes
lt_cv_prog_compiler_c_o_FC=yes
lt_cv_prog_compiler_pic='-fno-common -DPIC'
lt_cv_prog_compiler_pic_F77=-fno-common
lt_cv_prog_compiler_pic_FC=-fno-common
lt_cv_prog_compiler_pic_works=yes
lt_cv_prog_compiler_pic_works_F77=yes
lt_cv_prog_compiler_pic_works_FC=yes
lt_cv_prog_compiler_rtti_exceptions=no
lt_cv_prog_compiler_static_works=no
lt_cv_prog_compiler_static_works_F77=no
lt_cv_prog_compiler_static_works_FC=no
lt_cv_prog_gnu_ld=no
lt_cv_sharedlib_from_linklib_cmd='printf %s\n'
lt_cv_sys_global_symbol_pipe='sed -n -e '\''s/^.*[	 ]\([BCDEGRST][BCDEGRST]*\)[	 ][	 ]*_\([_A-Za-z][_A-Za-z0-9]*\)$/\1 _\2 \2/p'\'' | sed '\''/ __gnu_lto/d'\'''
lt_cv_sys_global_symbol_to_c_name_address='sed -n -e '\''s/^: \([^ ]*\)[ ]*$/  {\"\1\", (void *) 0},/p'\'' -e '\''s/^[BCDEGRST]* \([^ ]*\) \([^ ]*\)$/  {"\2", (void *) \&\2},/p'\'''
lt_cv_sys_global_symbol_to_c_name_address_lib_prefix='sed -n -e '\''s/^: \([^ ]*\)[ ]*$/  {\"\1\", (void *) 0},/p'\'' -e '\''s/^[BCDEGRST]* \([^ ]*\) \(lib[^ ]*\)$/  {"\2", (void *) \&\2},/p'\'' -e '\''s/^[BCDEGRST]* \([^ ]*\) \([^ ]*\)$/  {"lib\2", (void *) \&\2},/p'\'''
lt_cv_sys_global_symbol_to_cdecl='sed -n -e '\''s/^T .* \(.*\)$/extern int \1();/p'\'' -e '\''s/^[BCDEGRST]* .* \(.*\)$/extern char \1;/p'\'''
lt_cv_sys_max_cmd_len=196608
lt_cv_to_host_file_cmd=func_convert_file_noop
lt_cv_to_tool_file_cmd=func_convert_file_noop

## ----------------- ##
## Output variables. ##
## ----------------- ##

ACLOCAL='${SHELL} /Users/Jim/Documents/Work/Transdimensional/Modelscarp_RJ-McMC/RJMCMC-4/missing aclocal-1.15'
AMDEPBACKSLASH='\'
AMDEP_FALSE='#'
AMDEP_TRUE=''
AMTAR='$${TAR-tar}'
AM_BACKSLASH='\'
AM_DEFAULT_V='$(AM_DEFAULT_VERBOSITY)'
AM_DEFAULT_VERBOSITY='1'
AM_V='$(V)'
AR='ar'
AUTOCONF='${SHELL} /Users/Jim/Documents/Work/Transdimensional/Modelscarp_RJ-McMC/RJMCMC-4/missing autoconf'
AUTOHEADER='${SHELL} /Users/Jim/Documents/Work/Transdimensional/Modelscarp_RJ-McMC/RJMCMC-4/missing autoheader'
AUTOMAKE='${SHELL} /Users/Jim/Documents/Work/Transdimensional/Modelscarp_RJ-McMC/RJMCMC-4/missing automake-1.15'
AWK='gawk'
CC='gcc'
CCDEPMODE='depmode=gcc3'
CFLAGS='-g -O2'
CPP='gcc -E'
CPPFLAGS=' -I/opt/local/include/openmpi-mp'
CYGPATH_W='echo'
DEFS='-DHAVE_CONFIG_H'
DEPDIR='.deps'
DLLTOOL='false'
DSYMUTIL='dsymutil'
DUMPBIN=''
ECHO_C='\c'
ECHO_N=''
ECHO_T=''
EGREP='/usr/bin/grep -E'
EXEEXT=''
F77='mpif90'
FC='mpif90'
FCFLAGS='-g -O2'
FFLAGS='-g -O2'
FGREP='/usr/bin/grep -F'
GREP='/usr/bin/grep'
INSTALL_DATA='${INSTALL} -m 644'
INSTALL_PROGRAM='${INSTALL}'
INSTALL_SCRIPT='${INSTALL}'
INSTALL_STRIP_PROGRAM='$(install_sh) -c -s'
LD='/opt/local/bin/ld'
LDFLAGS=' -L/opt/local/lib/openmpi-mp'
LIBMPI='-lmpi'
LIBOBJS=''
LIBS='-lm '
LIBTOOL='$(SHELL) $(top_builddir)/libtool'
LIPO='lipo'
LN_S='ln -s'
LTLIBOBJS=''
MAKEINFO='${SHELL} /Users/Jim/Documents/Work/Transdimensional/Modelscarp_RJ-McMC/RJMCMC-4/missing makeinfo'
MANIFEST_TOOL=':'
MKDIR_P='./install-sh -c -d'
NM='/opt/local/bin/nm -B'
NMEDIT='nmedit'
OBJDUMP='objdump'
OBJEXT='o'
OPENMPI_CPPFLAGS='-I/opt/local/include/openmpi-mp'
OPENMPI_LDFLAGS='-L/opt/local/lib/openmpi-mp'
OTOOL64=':'
OTOOL='otool'
PACKAGE='RJMCMC'
PACKAGE_BUGREPORT='http://www.iearth.org.au/codes/RJMCMC'
PACKAGE_NAME='rjmcmc'
PACKAGE_STRING='rjmcmc 1.0.11'
PACKAGE_TARNAME='RJMCMC'
PACKAGE_URL=''
PACKAGE_VERSION='1.0.11'
PATH_SEPARATOR=':'
RANLIB='ranlib'
SED='/opt/local/bin/gsed'
SET_MAKE=''
SHELL='/bin/sh'
STRIP='strip'
VERSION='1.0.11'
WITHOPENMPI_FALSE='#'
WITHOPENMPI_TRUE=''
ac_ct_AR='ar'
ac_ct_CC='gcc'
ac_ct_DUMPBIN=''
ac_ct_F77=''
ac_ct_FC=''
am__EXEEXT_FALSE=''
am__EXEEXT_TRUE='#'
am__fastdepCC_FALSE='#'
am__fastdepCC_TRUE=''
am__include='include'
am__isrc=''
am__leading_dot='.'
am__nodep='_no'
am__quote=''
am__tar='tar --format=ustar -chf - "$$tardir"'
am__untar='tar -xf -'
bindir='${exec_prefix}/bin'
build='x86_64-apple-darwin16.7.0'
build_alias=''
build_cpu='x86_64'
build_os='darwin16.7.0'
build_vendor='apple'
datadir='${datarootdir}'
datarootdir='${prefix}/share'
docdir='${datarootdir}/doc/${PACKAGE_TARNAME}'
dvidir='${docdir}'
exec_prefix='${prefix}'
host='x86_64-apple-darwin16.7.0'
host_alias=''
host_cpu='x86_64'
host_os='darwin16.7.0'
host_vendor='apple'
htmldir='${docdir}'
includedir='${prefix}/include'
infodir='${datarootdir}/info'
install_sh='${SHELL} /Users/Jim/Documents/Work/Transdimensional/Modelscarp_RJ-McMC/RJMCMC-4/install-sh'
libdir='${exec_prefix}/lib'
libexecdir='${exec_prefix}/libexec'
localedir='${datarootdir}/locale'
localstatedir='${prefix}/var'
mandir='${datarootdir}/man'
mkdir_p='$(MKDIR_P)'
oldincludedir='/usr/include'
pdfdir='${docdir}'
prefix='/Users/Jim/Documents/Work/Transdimensional/Modelscarp_RJ-McMC/RJMCMC-4/bin'
program_transform_name='s,x,x,'
psdir='${docdir}'
sbindir='${exec_prefix}/sbin'
sharedstatedir='${prefix}/com'
sysconfdir='${prefix}/etc'
target_alias=''

## ----------- ##
## confdefs.h. ##
## ----------- ##

/* confdefs.h */
#define PACKAGE_NAME "rjmcmc"
#define PACKAGE_TARNAME "RJMCMC"
#define PACKAGE_VERSION "1.0.11"
#define PACKAGE_STRING "rjmcmc 1.0.11"
#define PACKAGE_BUGREPORT "http://www.iearth.org.au/codes/RJMCMC"
#define PACKAGE_URL ""
#define STDC_HEADERS 1
#define HAVE_SYS_TYPES_H 1
#define HAVE_SYS_STAT_H 1
#define HAVE_STDLIB_H 1
#define HAVE_STRING_H 1
#define HAVE_MEMORY_H 1
#define HAVE_STRINGS_H 1
#define HAVE_INTTYPES_H 1
#define HAVE_STDINT_H 1
#define HAVE_UNISTD_H 1
#define HAVE_DLFCN_H 1
#define LT_OBJDIR ".libs/"
#define HAVE_LIBM 1
#define HAVE_STDLIB_H 1
#define HAVE_MATH_H 1
#define HAVE_STRING_H 1
#define HAVE_ASSERT_H 1
#define HAVE_STDLIB_H 1
#define HAVE_MALLOC 1
#define HAVE_SQRT 1
#define HAVE_LOG 1
#define HAVE_MPI_H 1
#define HAVE_LIBMPI 1

configure: exit 0
